# JRE version: Java(TM) SE Runtime Environment (8.0_111-b14) (build 1.8.0_111-b14)
# Java VM: Java HotSpot(TM) 64-Bit Server VM (25.111-b14 mixed mode windows-amd64 compressed oops)
Heap:
 PSYoungGen      total 162304K, used 123351K [0x00000000f5580000, 0x0000000100000000, 0x0000000100000000)
  eden space 150016K, 75% used [0x00000000f5580000,0x00000000fc445bf8,0x00000000fe800000)
  from space 12288K, 80% used [0x00000000fe800000,0x00000000ff1b0068,0x00000000ff400000)
  to   space 12288K, 0% used [0x00000000ff400000,0x00000000ff400000,0x0000000100000000)
 ParOldGen       total 170496K, used 60022K [0x00000000e0000000, 0x00000000ea680000, 0x00000000f5580000)
  object space 170496K, 35% used [0x00000000e0000000,0x00000000e3a9d9e0,0x00000000ea680000)
 Metaspace       used 57372K, capacity 64770K, committed 65072K, reserved 1105920K
  class space    used 7019K, capacity 9214K, committed 9264K, reserved 1048576K
GC Heap History (10 events):
Event: 4.199 GC heap before
{Heap before GC invocations=16 (full 3):
 PSYoungGen      total 162816K, used 153088K [0x00000000f5580000, 0x0000000100000000, 0x0000000100000000)
  eden space 153088K, 100% used [0x00000000f5580000,0x00000000feb00000,0x00000000feb00000)
  from space 9728K, 0% used [0x00000000ff680000,0x00000000ff680000,0x0000000100000000)
  to   space 10752K, 0% used [0x00000000feb00000,0x00000000feb00000,0x00000000ff580000)
 ParOldGen       total 170496K, used 53862K [0x00000000e0000000, 0x00000000ea680000, 0x00000000f5580000)
  object space 170496K, 31% used [0x00000000e0000000,0x00000000e3499af8,0x00000000ea680000)
 Metaspace       used 44423K, capacity 49270K, committed 49456K, reserved 1091584K
  class space    used 5419K, capacity 6922K, committed 6960K, reserved 1048576K
Event: 4.204 GC heap after
Heap after GC invocations=16 (full 3):
 PSYoungGen      total 163840K, used 7681K [0x00000000f5580000, 0x0000000100000000, 0x0000000100000000)
  eden space 153088K, 0% used [0x00000000f5580000,0x00000000f5580000,0x00000000feb00000)
  from space 10752K, 71% used [0x00000000feb00000,0x00000000ff2806b0,0x00000000ff580000)
  to   space 10240K, 0% used [0x00000000ff600000,0x00000000ff600000,0x0000000100000000)
 ParOldGen       total 170496K, used 53870K [0x00000000e0000000, 0x00000000ea680000, 0x00000000f5580000)
  object space 170496K, 31% used [0x00000000e0000000,0x00000000e349baf8,0x00000000ea680000)
 Metaspace       used 44423K, capacity 49270K, committed 49456K, reserved 1091584K
  class space    used 5419K, capacity 6922K, committed 6960K, reserved 1048576K
}
Event: 4.542 GC heap before
{Heap before GC invocations=17 (full 3):
 PSYoungGen      total 163840K, used 160769K [0x00000000f5580000, 0x0000000100000000, 0x0000000100000000)
  eden space 153088K, 100% used [0x00000000f5580000,0x00000000feb00000,0x00000000feb00000)
  from space 10752K, 71% used [0x00000000feb00000,0x00000000ff2806b0,0x00000000ff580000)
  to   space 10240K, 0% used [0x00000000ff600000,0x00000000ff600000,0x0000000100000000)
 ParOldGen       total 170496K, used 53870K [0x00000000e0000000, 0x00000000ea680000, 0x00000000f5580000)
  object space 170496K, 31% used [0x00000000e0000000,0x00000000e349baf8,0x00000000ea680000)
 Metaspace       used 48228K, capacity 53780K, committed 53936K, reserved 1095680K
  class space    used 5898K, capacity 7591K, committed 7600K, reserved 1048576K
Event: 4.548 GC heap after
Heap after GC invocations=17 (full 3):
 PSYoungGen      total 161280K, used 10213K [0x00000000f5580000, 0x0000000100000000, 0x0000000100000000)
  eden space 151040K, 0% used [0x00000000f5580000,0x00000000f5580000,0x00000000fe900000)
  from space 10240K, 99% used [0x00000000ff600000,0x00000000ffff9450,0x0000000100000000)
  to   space 11776K, 0% used [0x00000000fe900000,0x00000000fe900000,0x00000000ff480000)
 ParOldGen       total 170496K, used 54582K [0x00000000e0000000, 0x00000000ea680000, 0x00000000f5580000)
  object space 170496K, 32% used [0x00000000e0000000,0x00000000e354d900,0x00000000ea680000)
 Metaspace       used 48228K, capacity 53780K, committed 53936K, reserved 1095680K
  class space    used 5898K, capacity 7591K, committed 7600K, reserved 1048576K
}
Event: 4.922 GC heap before
{Heap before GC invocations=18 (full 3):
 PSYoungGen      total 161280K, used 161253K [0x00000000f5580000, 0x0000000100000000, 0x0000000100000000)
  eden space 151040K, 100% used [0x00000000f5580000,0x00000000fe900000,0x00000000fe900000)
  from space 10240K, 99% used [0x00000000ff600000,0x00000000ffff9450,0x0000000100000000)
  to   space 11776K, 0% used [0x00000000fe900000,0x00000000fe900000,0x00000000ff480000)
 ParOldGen       total 170496K, used 54582K [0x00000000e0000000, 0x00000000ea680000, 0x00000000f5580000)
  object space 170496K, 32% used [0x00000000e0000000,0x00000000e354d900,0x00000000ea680000)
 Metaspace       used 51995K, capacity 58358K, committed 58672K, reserved 1099776K
  class space    used 6429K, capacity 8388K, committed 8496K, reserved 1048576K
Event: 4.932 GC heap after
Heap after GC invocations=18 (full 3):
 PSYoungGen      total 162816K, used 8271K [0x00000000f5580000, 0x0000000100000000, 0x0000000100000000)
  eden space 151040K, 0% used [0x00000000f5580000,0x00000000f5580000,0x00000000fe900000)
  from space 11776K, 70% used [0x00000000fe900000,0x00000000ff113dd8,0x00000000ff480000)
  to   space 11776K, 0% used [0x00000000ff480000,0x00000000ff480000,0x0000000100000000)
 ParOldGen       total 170496K, used 60014K [0x00000000e0000000, 0x00000000ea680000, 0x00000000f5580000)
  object space 170496K, 35% used [0x00000000e0000000,0x00000000e3a9b9e0,0x00000000ea680000)
 Metaspace       used 51995K, capacity 58358K, committed 58672K, reserved 1099776K
  class space    used 6429K, capacity 8388K, committed 8496K, reserved 1048576K
}
Event: 5.273 GC heap before
{Heap before GC invocations=19 (full 3):
 PSYoungGen      total 162816K, used 159311K [0x00000000f5580000, 0x0000000100000000, 0x0000000100000000)
  eden space 151040K, 100% used [0x00000000f5580000,0x00000000fe900000,0x00000000fe900000)
  from space 11776K, 70% used [0x00000000fe900000,0x00000000ff113dd8,0x00000000ff480000)
  to   space 11776K, 0% used [0x00000000ff480000,0x00000000ff480000,0x0000000100000000)
 ParOldGen       total 170496K, used 60014K [0x00000000e0000000, 0x00000000ea680000, 0x00000000f5580000)
  object space 170496K, 35% used [0x00000000e0000000,0x00000000e3a9b9e0,0x00000000ea680000)
 Metaspace       used 55837K, capacity 62304K, committed 62512K, reserved 1103872K
  class space    used 6719K, capacity 8683K, committed 8752K, reserved 1048576K
Event: 5.280 GC heap after
Heap after GC invocations=19 (full 3):
 PSYoungGen      total 161792K, used 9981K [0x00000000f5580000, 0x0000000100000000, 0x0000000100000000)
  eden space 150016K, 0% used [0x00000000f5580000,0x00000000f5580000,0x00000000fe800000)
  from space 11776K, 84% used [0x00000000ff480000,0x00000000ffe3f5d8,0x0000000100000000)
  to   space 12288K, 0% used [0x00000000fe800000,0x00000000fe800000,0x00000000ff400000)
 ParOldGen       total 170496K, used 60014K [0x00000000e0000000, 0x00000000ea680000, 0x00000000f5580000)
  object space 170496K, 35% used [0x00000000e0000000,0x00000000e3a9b9e0,0x00000000ea680000)
 Metaspace       used 55837K, capacity 62304K, committed 62512K, reserved 1103872K
  class space    used 6719K, capacity 8683K, committed 8752K, reserved 1048576K
}
Event: 5.563 GC heap before
{Heap before GC invocations=20 (full 3):
 PSYoungGen      total 161792K, used 159997K [0x00000000f5580000, 0x0000000100000000, 0x0000000100000000)
  eden space 150016K, 100% used [0x00000000f5580000,0x00000000fe800000,0x00000000fe800000)
  from space 11776K, 84% used [0x00000000ff480000,0x00000000ffe3f5d8,0x0000000100000000)
  to   space 12288K, 0% used [0x00000000fe800000,0x00000000fe800000,0x00000000ff400000)
 ParOldGen       total 170496K, used 60014K [0x00000000e0000000, 0x00000000ea680000, 0x00000000f5580000)
  object space 170496K, 35% used [0x00000000e0000000,0x00000000e3a9b9e0,0x00000000ea680000)
 Metaspace       used 56826K, capacity 63858K, committed 64048K, reserved 1103872K
  class space    used 6892K, capacity 8968K, committed 9008K, reserved 1048576K
Event: 5.569 GC heap after
Heap after GC invocations=20 (full 3):
 PSYoungGen      total 162304K, used 9920K [0x00000000f5580000, 0x0000000100000000, 0x0000000100000000)
  eden space 150016K, 0% used [0x00000000f5580000,0x00000000f5580000,0x00000000fe800000)
  from space 12288K, 80% used [0x00000000fe800000,0x00000000ff1b0068,0x00000000ff400000)
  to   space 12288K, 0% used [0x00000000ff400000,0x00000000ff400000,0x0000000100000000)
 ParOldGen       total 170496K, used 60022K [0x00000000e0000000, 0x00000000ea680000, 0x00000000f5580000)
  object space 170496K, 35% used [0x00000000e0000000,0x00000000e3a9d9e0,0x00000000ea680000)
 Metaspace       used 56826K, capacity 63858K, committed 64048K, reserved 1103872K
  class space    used 6892K, capacity 8968K, committed 9008K, reserved 1048576K
}

