# JRE version: Java(TM) SE Runtime Environment (8.0_111-b14) (build 1.8.0_111-b14)
# Java VM: Java HotSpot(TM) 64-Bit Server VM (25.111-b14 mixed mode windows-amd64 compressed oops)
Heap:
 PSYoungGen      total 162816K, used 151920K [0x00000000f5580000, 0x0000000100000000, 0x0000000100000000)
  eden space 152064K, 95% used [0x00000000f5580000,0x00000000fe36f060,0x00000000fea00000)
  from space 10752K, 61% used [0x00000000fea00000,0x00000000ff06d068,0x00000000ff480000)
  to   space 10752K, 0% used [0x00000000ff580000,0x00000000ff580000,0x0000000100000000)
 ParOldGen       total 161280K, used 63196K [0x00000000e0000000, 0x00000000e9d80000, 0x00000000f5580000)
  object space 161280K, 39% used [0x00000000e0000000,0x00000000e3db70a0,0x00000000e9d80000)
 Metaspace       used 57395K, capacity 64811K, committed 65024K, reserved 1105920K
  class space    used 7024K, capacity 9215K, committed 9216K, reserved 1048576K
GC Heap History (10 events):
Event: 5.210 GC heap before
{Heap before GC invocations=16 (full 3):
 PSYoungGen      total 163328K, used 154112K [0x00000000f5580000, 0x00000000fff00000, 0x0000000100000000)
  eden space 154112K, 100% used [0x00000000f5580000,0x00000000fec00000,0x00000000fec00000)
  from space 9216K, 0% used [0x00000000ff600000,0x00000000ff600000,0x00000000fff00000)
  to   space 9728K, 0% used [0x00000000fec00000,0x00000000fec00000,0x00000000ff580000)
 ParOldGen       total 161280K, used 53529K [0x00000000e0000000, 0x00000000e9d80000, 0x00000000f5580000)
  object space 161280K, 33% used [0x00000000e0000000,0x00000000e34464a0,0x00000000e9d80000)
 Metaspace       used 43795K, capacity 48599K, committed 48768K, reserved 1091584K
  class space    used 5198K, capacity 6677K, committed 6784K, reserved 1048576K
Event: 5.215 GC heap after
Heap after GC invocations=16 (full 3):
 PSYoungGen      total 163840K, used 7578K [0x00000000f5580000, 0x0000000100000000, 0x0000000100000000)
  eden space 154112K, 0% used [0x00000000f5580000,0x00000000f5580000,0x00000000fec00000)
  from space 9728K, 77% used [0x00000000fec00000,0x00000000ff366ad0,0x00000000ff580000)
  to   space 10240K, 0% used [0x00000000ff600000,0x00000000ff600000,0x0000000100000000)
 ParOldGen       total 161280K, used 53537K [0x00000000e0000000, 0x00000000e9d80000, 0x00000000f5580000)
  object space 161280K, 33% used [0x00000000e0000000,0x00000000e34484a0,0x00000000e9d80000)
 Metaspace       used 43795K, capacity 48599K, committed 48768K, reserved 1091584K
  class space    used 5198K, capacity 6677K, committed 6784K, reserved 1048576K
}
Event: 5.782 GC heap before
{Heap before GC invocations=17 (full 3):
 PSYoungGen      total 163840K, used 161690K [0x00000000f5580000, 0x0000000100000000, 0x0000000100000000)
  eden space 154112K, 100% used [0x00000000f5580000,0x00000000fec00000,0x00000000fec00000)
  from space 9728K, 77% used [0x00000000fec00000,0x00000000ff366ad0,0x00000000ff580000)
  to   space 10240K, 0% used [0x00000000ff600000,0x00000000ff600000,0x0000000100000000)
 ParOldGen       total 161280K, used 53537K [0x00000000e0000000, 0x00000000e9d80000, 0x00000000f5580000)
  object space 161280K, 33% used [0x00000000e0000000,0x00000000e34484a0,0x00000000e9d80000)
 Metaspace       used 47870K, capacity 53449K, committed 53760K, reserved 1095680K
  class space    used 5896K, capacity 7592K, committed 7680K, reserved 1048576K
Event: 5.789 GC heap after
Heap after GC invocations=17 (full 3):
 PSYoungGen      total 162304K, used 10237K [0x00000000f5580000, 0x0000000100000000, 0x0000000100000000)
  eden space 152064K, 0% used [0x00000000f5580000,0x00000000f5580000,0x00000000fea00000)
  from space 10240K, 99% used [0x00000000ff600000,0x00000000fffff6f0,0x0000000100000000)
  to   space 11264K, 0% used [0x00000000fea00000,0x00000000fea00000,0x00000000ff500000)
 ParOldGen       total 161280K, used 54171K [0x00000000e0000000, 0x00000000e9d80000, 0x00000000f5580000)
  object space 161280K, 33% used [0x00000000e0000000,0x00000000e34e6fb0,0x00000000e9d80000)
 Metaspace       used 47870K, capacity 53449K, committed 53760K, reserved 1095680K
  class space    used 5896K, capacity 7592K, committed 7680K, reserved 1048576K
}
Event: 6.183 GC heap before
{Heap before GC invocations=18 (full 3):
 PSYoungGen      total 162304K, used 162301K [0x00000000f5580000, 0x0000000100000000, 0x0000000100000000)
  eden space 152064K, 100% used [0x00000000f5580000,0x00000000fea00000,0x00000000fea00000)
  from space 10240K, 99% used [0x00000000ff600000,0x00000000fffff6f0,0x0000000100000000)
  to   space 11264K, 0% used [0x00000000fea00000,0x00000000fea00000,0x00000000ff500000)
 ParOldGen       total 161280K, used 54171K [0x00000000e0000000, 0x00000000e9d80000, 0x00000000f5580000)
  object space 161280K, 33% used [0x00000000e0000000,0x00000000e34e6fb0,0x00000000e9d80000)
 Metaspace       used 51543K, capacity 57935K, committed 57984K, reserved 1099776K
  class space    used 6361K, capacity 8311K, committed 8320K, reserved 1048576K
Event: 6.193 GC heap after
Heap after GC invocations=18 (full 3):
 PSYoungGen      total 163328K, used 4593K [0x00000000f5580000, 0x0000000100000000, 0x0000000100000000)
  eden space 152064K, 0% used [0x00000000f5580000,0x00000000f5580000,0x00000000fea00000)
  from space 11264K, 40% used [0x00000000fea00000,0x00000000fee7c770,0x00000000ff500000)
  to   space 11264K, 0% used [0x00000000ff500000,0x00000000ff500000,0x0000000100000000)
 ParOldGen       total 161280K, used 63180K [0x00000000e0000000, 0x00000000e9d80000, 0x00000000f5580000)
  object space 161280K, 39% used [0x00000000e0000000,0x00000000e3db30a0,0x00000000e9d80000)
 Metaspace       used 51543K, capacity 57935K, committed 57984K, reserved 1099776K
  class space    used 6361K, capacity 8311K, committed 8320K, reserved 1048576K
}
Event: 6.674 GC heap before
{Heap before GC invocations=19 (full 3):
 PSYoungGen      total 163328K, used 156657K [0x00000000f5580000, 0x0000000100000000, 0x0000000100000000)
  eden space 152064K, 100% used [0x00000000f5580000,0x00000000fea00000,0x00000000fea00000)
  from space 11264K, 40% used [0x00000000fea00000,0x00000000fee7c770,0x00000000ff500000)
  to   space 11264K, 0% used [0x00000000ff500000,0x00000000ff500000,0x0000000100000000)
 ParOldGen       total 161280K, used 63180K [0x00000000e0000000, 0x00000000e9d80000, 0x00000000f5580000)
  object space 161280K, 39% used [0x00000000e0000000,0x00000000e3db30a0,0x00000000e9d80000)
 Metaspace       used 55825K, capacity 62293K, committed 62464K, reserved 1103872K
  class space    used 6714K, capacity 8684K, committed 8704K, reserved 1048576K
Event: 6.679 GC heap after
Heap after GC invocations=19 (full 3):
 PSYoungGen      total 162304K, used 6873K [0x00000000f5580000, 0x00000000fff00000, 0x0000000100000000)
  eden space 152064K, 0% used [0x00000000f5580000,0x00000000f5580000,0x00000000fea00000)
  from space 10240K, 67% used [0x00000000ff500000,0x00000000ffbb6530,0x00000000fff00000)
  to   space 10752K, 0% used [0x00000000fea00000,0x00000000fea00000,0x00000000ff480000)
 ParOldGen       total 161280K, used 63188K [0x00000000e0000000, 0x00000000e9d80000, 0x00000000f5580000)
  object space 161280K, 39% used [0x00000000e0000000,0x00000000e3db50a0,0x00000000e9d80000)
 Metaspace       used 55825K, capacity 62293K, committed 62464K, reserved 1103872K
  class space    used 6714K, capacity 8684K, committed 8704K, reserved 1048576K
}
Event: 6.955 GC heap before
{Heap before GC invocations=20 (full 3):
 PSYoungGen      total 162304K, used 158937K [0x00000000f5580000, 0x00000000fff00000, 0x0000000100000000)
  eden space 152064K, 100% used [0x00000000f5580000,0x00000000fea00000,0x00000000fea00000)
  from space 10240K, 67% used [0x00000000ff500000,0x00000000ffbb6530,0x00000000fff00000)
  to   space 10752K, 0% used [0x00000000fea00000,0x00000000fea00000,0x00000000ff480000)
 ParOldGen       total 161280K, used 63188K [0x00000000e0000000, 0x00000000e9d80000, 0x00000000f5580000)
  object space 161280K, 39% used [0x00000000e0000000,0x00000000e3db50a0,0x00000000e9d80000)
 Metaspace       used 56816K, capacity 63859K, committed 64128K, reserved 1103872K
  class space    used 6887K, capacity 8969K, committed 9088K, reserved 1048576K
Event: 6.960 GC heap after
Heap after GC invocations=20 (full 3):
 PSYoungGen      total 162816K, used 6580K [0x00000000f5580000, 0x0000000100000000, 0x0000000100000000)
  eden space 152064K, 0% used [0x00000000f5580000,0x00000000f5580000,0x00000000fea00000)
  from space 10752K, 61% used [0x00000000fea00000,0x00000000ff06d068,0x00000000ff480000)
  to   space 10752K, 0% used [0x00000000ff580000,0x00000000ff580000,0x0000000100000000)
 ParOldGen       total 161280K, used 63196K [0x00000000e0000000, 0x00000000e9d80000, 0x00000000f5580000)
  object space 161280K, 39% used [0x00000000e0000000,0x00000000e3db70a0,0x00000000e9d80000)
 Metaspace       used 56816K, capacity 63859K, committed 64128K, reserved 1103872K
  class space    used 6887K, capacity 8969K, committed 9088K, reserved 1048576K
}

