# JRE version: Java(TM) SE Runtime Environment (8.0_111-b14) (build 1.8.0_111-b14)
# Java VM: Java HotSpot(TM) 64-Bit Server VM (25.111-b14 mixed mode windows-amd64 compressed oops)
Heap:
 PSYoungGen      total 161792K, used 137194K [0x00000000f5580000, 0x0000000100000000, 0x0000000100000000)
  eden space 148992K, 87% used [0x00000000f5580000,0x00000000fd505810,0x00000000fe700000)
  from space 12800K, 51% used [0x00000000fe700000,0x00000000fed75068,0x00000000ff380000)
  to   space 12800K, 0% used [0x00000000ff380000,0x00000000ff380000,0x0000000100000000)
 ParOldGen       total 168960K, used 64584K [0x00000000e0000000, 0x00000000ea500000, 0x00000000f5580000)
  object space 168960K, 38% used [0x00000000e0000000,0x00000000e3f12268,0x00000000ea500000)
 Metaspace       used 57377K, capacity 64778K, committed 65072K, reserved 1105920K
  class space    used 7024K, capacity 9214K, committed 9264K, reserved 1048576K
GC Heap History (10 events):
Event: 4.132 GC heap before
{Heap before GC invocations=16 (full 3):
 PSYoungGen      total 163840K, used 153088K [0x00000000f5580000, 0x0000000100000000, 0x0000000100000000)
  eden space 153088K, 100% used [0x00000000f5580000,0x00000000feb00000,0x00000000feb00000)
  from space 10752K, 0% used [0x00000000ff580000,0x00000000ff580000,0x0000000100000000)
  to   space 10752K, 0% used [0x00000000feb00000,0x00000000feb00000,0x00000000ff580000)
 ParOldGen       total 168960K, used 53620K [0x00000000e0000000, 0x00000000ea500000, 0x00000000f5580000)
  object space 168960K, 31% used [0x00000000e0000000,0x00000000e345d118,0x00000000ea500000)
 Metaspace       used 43896K, capacity 48698K, committed 49072K, reserved 1091584K
  class space    used 5232K, capacity 6708K, committed 6832K, reserved 1048576K
Event: 4.136 GC heap after
Heap after GC invocations=16 (full 3):
 PSYoungGen      total 160256K, used 7144K [0x00000000f5580000, 0x00000000fff00000, 0x0000000100000000)
  eden space 153088K, 0% used [0x00000000f5580000,0x00000000f5580000,0x00000000feb00000)
  from space 7168K, 99% used [0x00000000feb00000,0x00000000ff1fa388,0x00000000ff200000)
  to   space 10240K, 0% used [0x00000000ff500000,0x00000000ff500000,0x00000000fff00000)
 ParOldGen       total 168960K, used 53628K [0x00000000e0000000, 0x00000000ea500000, 0x00000000f5580000)
  object space 168960K, 31% used [0x00000000e0000000,0x00000000e345f118,0x00000000ea500000)
 Metaspace       used 43896K, capacity 48698K, committed 49072K, reserved 1091584K
  class space    used 5232K, capacity 6708K, committed 6832K, reserved 1048576K
}
Event: 4.485 GC heap before
{Heap before GC invocations=17 (full 3):
 PSYoungGen      total 160256K, used 160232K [0x00000000f5580000, 0x00000000fff00000, 0x0000000100000000)
  eden space 153088K, 100% used [0x00000000f5580000,0x00000000feb00000,0x00000000feb00000)
  from space 7168K, 99% used [0x00000000feb00000,0x00000000ff1fa388,0x00000000ff200000)
  to   space 10240K, 0% used [0x00000000ff500000,0x00000000ff500000,0x00000000fff00000)
 ParOldGen       total 168960K, used 53628K [0x00000000e0000000, 0x00000000ea500000, 0x00000000f5580000)
  object space 168960K, 31% used [0x00000000e0000000,0x00000000e345f118,0x00000000ea500000)
 Metaspace       used 47868K, capacity 53440K, committed 53680K, reserved 1095680K
  class space    used 5881K, capacity 7591K, committed 7600K, reserved 1048576K
Event: 4.491 GC heap after
Heap after GC invocations=17 (full 3):
 PSYoungGen      total 161280K, used 10231K [0x00000000f5580000, 0x0000000100000000, 0x0000000100000000)
  eden space 151040K, 0% used [0x00000000f5580000,0x00000000f5580000,0x00000000fe900000)
  from space 10240K, 99% used [0x00000000ff500000,0x00000000ffefdda0,0x00000000fff00000)
  to   space 11776K, 0% used [0x00000000fe900000,0x00000000fe900000,0x00000000ff480000)
 ParOldGen       total 168960K, used 54146K [0x00000000e0000000, 0x00000000ea500000, 0x00000000f5580000)
  object space 168960K, 32% used [0x00000000e0000000,0x00000000e34e0a10,0x00000000ea500000)
 Metaspace       used 47868K, capacity 53440K, committed 53680K, reserved 1095680K
  class space    used 5881K, capacity 7591K, committed 7600K, reserved 1048576K
}
Event: 4.848 GC heap before
{Heap before GC invocations=18 (full 3):
 PSYoungGen      total 161280K, used 161271K [0x00000000f5580000, 0x0000000100000000, 0x0000000100000000)
  eden space 151040K, 100% used [0x00000000f5580000,0x00000000fe900000,0x00000000fe900000)
  from space 10240K, 99% used [0x00000000ff500000,0x00000000ffefdda0,0x00000000fff00000)
  to   space 11776K, 0% used [0x00000000fe900000,0x00000000fe900000,0x00000000ff480000)
 ParOldGen       total 168960K, used 54146K [0x00000000e0000000, 0x00000000ea500000, 0x00000000f5580000)
  object space 168960K, 32% used [0x00000000e0000000,0x00000000e34e0a10,0x00000000ea500000)
 Metaspace       used 51518K, capacity 57830K, committed 58032K, reserved 1099776K
  class space    used 6354K, capacity 8298K, committed 8368K, reserved 1048576K
Event: 4.857 GC heap after
Heap after GC invocations=18 (full 3):
 PSYoungGen      total 162816K, used 11766K [0x00000000f5580000, 0x0000000100000000, 0x0000000100000000)
  eden space 151040K, 0% used [0x00000000f5580000,0x00000000f5580000,0x00000000fe900000)
  from space 11776K, 99% used [0x00000000fe900000,0x00000000ff47dbc0,0x00000000ff480000)
  to   space 11776K, 0% used [0x00000000ff480000,0x00000000ff480000,0x0000000100000000)
 ParOldGen       total 168960K, used 55594K [0x00000000e0000000, 0x00000000ea500000, 0x00000000f5580000)
  object space 168960K, 32% used [0x00000000e0000000,0x00000000e364ab90,0x00000000ea500000)
 Metaspace       used 51518K, capacity 57830K, committed 58032K, reserved 1099776K
  class space    used 6354K, capacity 8298K, committed 8368K, reserved 1048576K
}
Event: 5.185 GC heap before
{Heap before GC invocations=19 (full 3):
 PSYoungGen      total 162816K, used 162806K [0x00000000f5580000, 0x0000000100000000, 0x0000000100000000)
  eden space 151040K, 100% used [0x00000000f5580000,0x00000000fe900000,0x00000000fe900000)
  from space 11776K, 99% used [0x00000000fe900000,0x00000000ff47dbc0,0x00000000ff480000)
  to   space 11776K, 0% used [0x00000000ff480000,0x00000000ff480000,0x0000000100000000)
 ParOldGen       total 168960K, used 55594K [0x00000000e0000000, 0x00000000ea500000, 0x00000000f5580000)
  object space 168960K, 32% used [0x00000000e0000000,0x00000000e364ab90,0x00000000ea500000)
 Metaspace       used 55821K, capacity 62288K, committed 62512K, reserved 1103872K
  class space    used 6714K, capacity 8683K, committed 8752K, reserved 1048576K
Event: 5.193 GC heap after
Heap after GC invocations=19 (full 3):
 PSYoungGen      total 160768K, used 6880K [0x00000000f5580000, 0x0000000100000000, 0x0000000100000000)
  eden space 148992K, 0% used [0x00000000f5580000,0x00000000f5580000,0x00000000fe700000)
  from space 11776K, 58% used [0x00000000ff480000,0x00000000ffb38158,0x0000000100000000)
  to   space 12800K, 0% used [0x00000000fe700000,0x00000000fe700000,0x00000000ff380000)
 ParOldGen       total 168960K, used 64584K [0x00000000e0000000, 0x00000000ea500000, 0x00000000f5580000)
  object space 168960K, 38% used [0x00000000e0000000,0x00000000e3f12268,0x00000000ea500000)
 Metaspace       used 55821K, capacity 62288K, committed 62512K, reserved 1103872K
  class space    used 6714K, capacity 8683K, committed 8752K, reserved 1048576K
}
Event: 5.443 GC heap before
{Heap before GC invocations=20 (full 3):
 PSYoungGen      total 160768K, used 155872K [0x00000000f5580000, 0x0000000100000000, 0x0000000100000000)
  eden space 148992K, 100% used [0x00000000f5580000,0x00000000fe700000,0x00000000fe700000)
  from space 11776K, 58% used [0x00000000ff480000,0x00000000ffb38158,0x0000000100000000)
  to   space 12800K, 0% used [0x00000000fe700000,0x00000000fe700000,0x00000000ff380000)
 ParOldGen       total 168960K, used 64584K [0x00000000e0000000, 0x00000000ea500000, 0x00000000f5580000)
  object space 168960K, 38% used [0x00000000e0000000,0x00000000e3f12268,0x00000000ea500000)
 Metaspace       used 56792K, capacity 63744K, committed 63792K, reserved 1103872K
  class space    used 6887K, capacity 8967K, committed 9008K, reserved 1048576K
Event: 5.449 GC heap after
Heap after GC invocations=20 (full 3):
 PSYoungGen      total 161792K, used 6612K [0x00000000f5580000, 0x0000000100000000, 0x0000000100000000)
  eden space 148992K, 0% used [0x00000000f5580000,0x00000000f5580000,0x00000000fe700000)
  from space 12800K, 51% used [0x00000000fe700000,0x00000000fed75068,0x00000000ff380000)
  to   space 12800K, 0% used [0x00000000ff380000,0x00000000ff380000,0x0000000100000000)
 ParOldGen       total 168960K, used 64584K [0x00000000e0000000, 0x00000000ea500000, 0x00000000f5580000)
  object space 168960K, 38% used [0x00000000e0000000,0x00000000e3f12268,0x00000000ea500000)
 Metaspace       used 56792K, capacity 63744K, committed 63792K, reserved 1103872K
  class space    used 6887K, capacity 8967K, committed 9008K, reserved 1048576K
}

